20:31:55 **** Build of configuration Release for project Linked List ****
make all 
Building file: ../src/LinkedList.cpp
Invoking: GCC C++ Compiler
g++ -O3 -Wall -c -fmessage-length=0 -MMD -MP -MF"src/LinkedList.d" -MT"src/LinkedList.d" -o "src/LinkedList.o" "../src/LinkedList.cpp"
In file included from ../src/LinkedList.cpp:7:0:
../src/LinkedList.h:28:58: warning: friend declaration ‘std::ostream& operator<<(std::ostream&, const LinkedList<T>&)’ declares a non-template function [-Wnon-template-friend]
  friend ostream& operator<<(ostream&,const LinkedList<T>&);
                                                          ^
../src/LinkedList.h:28:58: note: (if this is not what you intended, make sure the function template has already been declared and add <> after the function name here) 
Finished building: ../src/LinkedList.cpp
 
Building file: ../src/Node.cpp
Invoking: GCC C++ Compiler
g++ -O3 -Wall -c -fmessage-length=0 -MMD -MP -MF"src/Node.d" -MT"src/Node.d" -o "src/Node.o" "../src/Node.cpp"
Finished building: ../src/Node.cpp
 
Building file: ../src/Test.cpp
Invoking: GCC C++ Compiler
g++ -O3 -Wall -c -fmessage-length=0 -MMD -MP -MF"src/Test.d" -MT"src/Test.d" -o "src/Test.o" "../src/Test.cpp"
In file included from ../src/Test.cpp:7:0:
../src/LinkedList.h:28:58: warning: friend declaration ‘std::ostream& operator<<(std::ostream&, const LinkedList<T>&)’ declares a non-template function [-Wnon-template-friend]
  friend ostream& operator<<(ostream&,const LinkedList<T>&);
                                                          ^
../src/LinkedList.h:28:58: note: (if this is not what you intended, make sure the function template has already been declared and add <> after the function name here) 
Finished building: ../src/Test.cpp
 
Building target: Linked List
Invoking: GCC C++ Linker
g++  -o "Linked List"  ./src/LinkedList.o ./src/Node.o ./src/Test.o   
./src/Test.o: In function `main':
Test.cpp:(.text.startup+0xd): undefined reference to `LinkedList<int>::LinkedList()'
Test.cpp:(.text.startup+0x1a): undefined reference to `LinkedList<int>::insertTail(int)'
Test.cpp:(.text.startup+0x27): undefined reference to `LinkedList<int>::insertTail(int)'
Test.cpp:(.text.startup+0x34): undefined reference to `LinkedList<int>::insertTail(int)'
Test.cpp:(.text.startup+0x56): undefined reference to `operator<<(std::ostream&, LinkedList<int> const&)'
Test.cpp:(.text.startup+0x66): undefined reference to `LinkedList<int>::~LinkedList()'
Test.cpp:(.text.startup+0x7a): undefined reference to `LinkedList<int>::~LinkedList()'
makefile:45: recipe for target 'Linked List' failed
collect2: error: ld returned 1 exit status
make: *** [Linked List] Error 1

20:31:57 Build Finished (took 2s.56ms)

